0 info it worked if it ends with ok
1 verbose cli [ 'node', '/usr/local/bin/npm', 'install', '-g', 'ionic' ]
2 info using npm@2.11.3
3 info using node@v0.12.7
4 verbose install initial load of /usr/local/lib/package.json
5 verbose readDependencies loading dependencies from /usr/local/lib/package.json
6 silly cache add args [ 'ionic', null ]
7 verbose cache add spec ionic
8 silly cache add parsed spec { raw: 'ionic',
8 silly cache add   scope: null,
8 silly cache add   name: 'ionic',
8 silly cache add   rawSpec: '',
8 silly cache add   spec: '*',
8 silly cache add   type: 'range' }
9 silly addNamed ionic@*
10 verbose addNamed "*" is a valid semver range for ionic
11 silly addNameRange { name: 'ionic', range: '*', hasData: false }
12 silly mapToRegistry name ionic
13 silly mapToRegistry using default registry
14 silly mapToRegistry registry https://registry.npmjs.org/
15 silly mapToRegistry uri https://registry.npmjs.org/ionic
16 verbose addNameRange registry:https://registry.npmjs.org/ionic not in flight; fetching
17 verbose request uri https://registry.npmjs.org/ionic
18 verbose request no auth needed
19 info attempt registry request try #1 at 2:43:25 AM
20 verbose request id bc3ab75bd2af773b
21 verbose etag "3PHB7K44PREMKB18O2M0QK1Q5"
22 http request GET https://registry.npmjs.org/ionic
23 http 200 https://registry.npmjs.org/ionic
24 silly get cb [ 200,
24 silly get   { server: 'CouchDB/1.5.0 (Erlang OTP/R16B03)',
24 silly get     etag: '"50OWXNJR23DNSNBF5G6YB4ZET"',
24 silly get     'content-type': 'application/json',
24 silly get     'content-encoding': 'gzip',
24 silly get     'cache-control': 'max-age=300',
24 silly get     'content-length': '61517',
24 silly get     'accept-ranges': 'bytes',
24 silly get     date: 'Mon, 30 May 2016 06:43:25 GMT',
24 silly get     via: '1.1 varnish',
24 silly get     age: '98',
24 silly get     connection: 'keep-alive',
24 silly get     'x-served-by': 'cache-atl6237-ATL',
24 silly get     'x-cache': 'HIT',
24 silly get     'x-cache-hits': '1',
24 silly get     'x-timer': 'S1464590605.799461,VS0,VE0',
24 silly get     vary: 'Accept-Encoding' } ]
25 verbose get saving ionic to /Users/niketbiswas/.npm/registry.npmjs.org/ionic/.cache.json
26 silly addNameRange number 2 { name: 'ionic', range: '*', hasData: true }
27 silly addNameRange versions [ 'ionic',
27 silly addNameRange   [ '0.9.6',
27 silly addNameRange     '0.9.8',
27 silly addNameRange     '0.9.9',
27 silly addNameRange     '0.9.10',
27 silly addNameRange     '0.9.11',
27 silly addNameRange     '0.9.12',
27 silly addNameRange     '0.9.13',
27 silly addNameRange     '0.9.14',
27 silly addNameRange     '0.9.15',
27 silly addNameRange     '0.9.16',
27 silly addNameRange     '1.0.0-beta.1',
27 silly addNameRange     '1.0.0-beta',
27 silly addNameRange     '1.0.1-beta',
27 silly addNameRange     '1.0.3-beta',
27 silly addNameRange     '1.0.4',
27 silly addNameRange     '1.0.5',
27 silly addNameRange     '1.0.6',
27 silly addNameRange     '1.0.7',
27 silly addNameRange     '1.0.8',
27 silly addNameRange     '1.0.9',
27 silly addNameRange     '1.0.10',
27 silly addNameRange     '1.0.11',
27 silly addNameRange     '1.0.12',
27 silly addNameRange     '1.0.13',
27 silly addNameRange     '1.0.14',
27 silly addNameRange     '1.0.15',
27 silly addNameRange     '1.0.16',
27 silly addNameRange     '1.0.17',
27 silly addNameRange     '1.1.0-beta1',
27 silly addNameRange     '1.1.0-beta2',
27 silly addNameRange     '1.1.0-beta3',
27 silly addNameRange     '1.1.0-beta4',
27 silly addNameRange     '1.1.0-beta5',
27 silly addNameRange     '1.1.0-beta6',
27 silly addNameRange     '1.1.0',
27 silly addNameRange     '1.1.1-beta1',
27 silly addNameRange     '1.1.1-beta2',
27 silly addNameRange     '1.1.1-beta3',
27 silly addNameRange     '1.1.1',
27 silly addNameRange     '1.1.3',
27 silly addNameRange     '1.1.4',
27 silly addNameRange     '1.1.5-beta1',
27 silly addNameRange     '1.1.5-beta2',
27 silly addNameRange     '1.1.5-beta3',
27 silly addNameRange     '1.1.5-beta4',
27 silly addNameRange     '1.1.5-beta5',
27 silly addNameRange     '1.1.5',
27 silly addNameRange     '1.1.6',
27 silly addNameRange     '1.1.7-beta1',
27 silly addNameRange     '1.1.7',
27 silly addNameRange     '1.1.8-beta1',
27 silly addNameRange     '1.1.8-beta2',
27 silly addNameRange     '1.1.8-beta3',
27 silly addNameRange     '1.1.8-beta4',
27 silly addNameRange     '1.1.8-beta5',
27 silly addNameRange     '1.1.8',
27 silly addNameRange     '1.1.9-beta1',
27 silly addNameRange     '1.1.9',
27 silly addNameRange     '1.1.10',
27 silly addNameRange     '1.1.11-beta1',
27 silly addNameRange     '1.1.11-beta2',
27 silly addNameRange     '1.1.11',
27 silly addNameRange     '1.1.12-beta1',
27 silly addNameRange     '1.1.12-beta2',
27 silly addNameRange     '1.1.12-beta3',
27 silly addNameRange     '1.1.12',
27 silly addNameRange     '1.1.13',
27 silly addNameRange     '1.1.14-beta1',
27 silly addNameRange     '1.1.14-beta2',
27 silly addNameRange     '1.1.14-beta3',
27 silly addNameRange     '1.2.0-beta1',
27 silly addNameRange     '1.2.0',
27 silly addNameRange     '1.2.1-beta1',
27 silly addNameRange     '1.2.1-beta2',
27 silly addNameRange     '1.2.1-beta3',
27 silly addNameRange     '1.2.1-beta4',
27 silly addNameRange     '1.2.1',
27 silly addNameRange     '1.2.2',
27 silly addNameRange     '1.2.3-beta1',
27 silly addNameRange     '1.2.3-beta2',
27 silly addNameRange     '1.2.3-beta3',
27 silly addNameRange     '1.2.3',
27 silly addNameRange     '1.2.4-beta1',
27 silly addNameRange     '1.2.4-beta2',
27 silly addNameRange     '1.2.4-beta3',
27 silly addNameRange     '1.2.4',
27 silly addNameRange     '1.2.5-beta1',
27 silly addNameRange     '1.2.5-beta2',
27 silly addNameRange     '1.2.5-beta3',
27 silly addNameRange     '1.2.5',
27 silly addNameRange     '1.2.6-beta1',
27 silly addNameRange     '1.2.6-beta2',
27 silly addNameRange     '1.2.6-beta3',
27 silly addNameRange     '1.2.6',
27 silly addNameRange     '1.2.7',
27 silly addNameRange     '1.2.8-beta1',
27 silly addNameRange     '1.2.8-beta2',
27 silly addNameRange     '1.2.8',
27 silly addNameRange     '1.2.9',
27 silly addNameRange     '1.2.10',
27 silly addNameRange     '1.2.11',
27 silly addNameRange     '1.2.12',
27 silly addNameRange     '1.2.13',
27 silly addNameRange     '1.2.14-beta1',
27 silly addNameRange     '1.2.14-beta2',
27 silly addNameRange     '1.2.14-beta3',
27 silly addNameRange     '1.2.14-beta4',
27 silly addNameRange     '1.2.14-beta5',
27 silly addNameRange     '1.2.14-beta6',
27 silly addNameRange     '1.2.14',
27 silly addNameRange     '1.3.0-beta1',
27 silly addNameRange     '1.3.0',
27 silly addNameRange     '1.3.1',
27 silly addNameRange     '1.3.2',
27 silly addNameRange     '1.3.3',
27 silly addNameRange     '1.3.4',
27 silly addNameRange     '1.3.5',
27 silly addNameRange     '1.3.6',
27 silly addNameRange     '1.3.7',
27 silly addNameRange     '1.3.8',
27 silly addNameRange     '1.3.9',
27 silly addNameRange     '1.3.10',
27 silly addNameRange     '1.4.0-alpha.1',
27 silly addNameRange     '1.3.11',
27 silly addNameRange     '1.3.1-1.alpha.0',
27 silly addNameRange     '1.4.0-alpha.2',
27 silly addNameRange     '1.3.12',
27 silly addNameRange     '1.3.12-beta.1',
27 silly addNameRange     '1.3.12-beta.2',
27 silly addNameRange     '1.3.13-beta.0',
27 silly addNameRange     '1.3.1-3.beta.1',
27 silly addNameRange     '1.3.1-3.beta.2',
27 silly addNameRange     '1.3.13',
27 silly addNameRange     '1.3.1-3.beta.4',
27 silly addNameRange     '1.3.14-beta',
27 silly addNameRange     '1.3.14-beta.1',
27 silly addNameRange     '1.4.0-alpha.3',
27 silly addNameRange     '1.3.14',
27 silly addNameRange     '1.4.0-alpha.4',
27 silly addNameRange     '1.4.0-alpha.5',
27 silly addNameRange     '1.3.15-beta.0',
27 silly addNameRange     '1.3.15-beta.1',
27 silly addNameRange     '1.3.15-beta.2',
27 silly addNameRange     '1.3.15-beta.3',
27 silly addNameRange     '1.3.15-beta.4',
27 silly addNameRange     '1.3.15',
27 silly addNameRange     '1.3.16',
27 silly addNameRange     '1.4.0-alpha.6',
27 silly addNameRange     '1.3.17-beta.0',
27 silly addNameRange     '1.3.17-beta.1',
27 silly addNameRange     '1.3.17-beta.2',
27 silly addNameRange     '1.3.17-beta.3',
27 silly addNameRange     '1.3.1-7.beta.4',
27 silly addNameRange     '1.3.17',
27 silly addNameRange     '1.3.18-beta.0',
27 silly addNameRange     '1.3.18-beta.1',
27 silly addNameRange     '1.3.18-beta.2',
27 silly addNameRange     '1.3.18-beta.3',
27 silly addNameRange     '1.3.18',
27 silly addNameRange     '1.3.19-beta.0',
27 silly addNameRange     '1.3.19-beta.1',
27 silly addNameRange     '1.3.19-beta.2',
27 silly addNameRange     '1.3.19-beta.3',
27 silly addNameRange     '1.3.19-beta.4',
27 silly addNameRange     '1.3.19',
27 silly addNameRange     '1.3.20',
27 silly addNameRange     '1.4.1-beta.0',
27 silly addNameRange     '1.4.0-beta.1',
27 silly addNameRange     '1.4.0-beta.2',
27 silly addNameRange     '1.4.0-beta.3',
27 silly addNameRange     '1.4.0-beta.5',
27 silly addNameRange     '1.4.0-beta.6',
27 silly addNameRange     '1.4.0-beta.7',
27 silly addNameRange     '1.3.21-beta.0',
27 silly addNameRange     '1.3.21-beta.1',
27 silly addNameRange     '1.3.21',
27 silly addNameRange     '1.3.22',
27 silly addNameRange     '1.4.0-beta.8',
27 silly addNameRange     '1.4.0-beta.9',
27 silly addNameRange     '1.4.0-beta.10',
27 silly addNameRange     '1.4.0-beta.11',
27 silly addNameRange     '1.4.0-beta.12',
27 silly addNameRange     '1.4.0-beta.13',
27 silly addNameRange     '1.4.0-beta.14',
27 silly addNameRange     '1.4.0-beta.15',
27 silly addNameRange     '1.4.0-beta.16',
27 silly addNameRange     '1.4.0-beta.17',
27 silly addNameRange     '1.4.0-beta.18',
27 silly addNameRange     '1.4.0',
27 silly addNameRange     '1.4.1',
27 silly addNameRange     '1.4.2',
27 silly addNameRange     '1.4.3',
27 silly addNameRange     '1.4.4-beta.0',
27 silly addNameRange     '1.4.4-beta.2',
27 silly addNameRange     '1.4.4',
27 silly addNameRange     '1.4.5-beta.0',
27 silly addNameRange     '1.4.5-beta.1',
27 silly addNameRange     '1.4.5-beta.2',
27 silly addNameRange     '1.4.5-beta.3',
27 silly addNameRange     '1.4.5',
27 silly addNameRange     '1.4.6-beta.0',
27 silly addNameRange     '1.4.6',
27 silly addNameRange     '1.4.7',
27 silly addNameRange     '1.4.8',
27 silly addNameRange     '1.5.0-beta.0',
27 silly addNameRange     '1.5.0-beta.1',
27 silly addNameRange     '1.5.0',
27 silly addNameRange     '1.5.1-beta.0',
27 silly addNameRange     '1.5.1-beta.1',
27 silly addNameRange     '1.5.1-beta.2',
27 silly addNameRange     '1.5.1-beta.3',
27 silly addNameRange     '1.5.1-beta.4',
27 silly addNameRange     '1.5.1',
27 silly addNameRange     '1.5.2',
27 silly addNameRange     '1.5.3',
27 silly addNameRange     '1.5.4',
27 silly addNameRange     '1.5.5',
27 silly addNameRange     '1.6.0-beta.1',
27 silly addNameRange     '1.6.0',
27 silly addNameRange     '1.6.1',
27 silly addNameRange     '1.6.2-beta.0',
27 silly addNameRange     '1.6.2-beta.1',
27 silly addNameRange     '1.6.2-beta.2',
27 silly addNameRange     '1.6.2',
27 silly addNameRange     '1.6.3-beta.0',
27 silly addNameRange     '1.6.3-beta.1',
27 silly addNameRange     '1.6.3',
27 silly addNameRange     '1.6.4-beta.0',
27 silly addNameRange     '1.6.4-beta.1',
27 silly addNameRange     '1.6.4',
27 silly addNameRange     '1.7.0-beta.0',
27 silly addNameRange     '1.7.0-beta.1',
27 silly addNameRange     '1.7.0-beta.2',
27 silly addNameRange     '1.7.0-beta.3',
27 silly addNameRange     '2.0.0-alpha.1',
27 silly addNameRange     '2.0.0-alpha.3',
27 silly addNameRange     '1.7.0-beta.4',
27 silly addNameRange     '1.6.5-testing.0',
27 silly addNameRange     '1.6.5-testing.1',
27 silly addNameRange     '1.6.5-testing.2',
27 silly addNameRange     '1.6.5-testing.3',
27 silly addNameRange     '1.6.5',
27 silly addNameRange     '2.0.0-alpha.4',
27 silly addNameRange     '1.7.0-beta.5',
27 silly addNameRange     '1.7.0-beta.6',
27 silly addNameRange     '1.7.0',
27 silly addNameRange     '2.0.0-alpha.5',
27 silly addNameRange     '2.0.0-alpha.6',
27 silly addNameRange     '1.7.1',
27 silly addNameRange     '2.0.0-alpha.7',
27 silly addNameRange     '2.0.0-alpha.8',
27 silly addNameRange     '1.7.2',
27 silly addNameRange     '1.7.3',
27 silly addNameRange     '1.7.4',
27 silly addNameRange     '1.7.5',
27 silly addNameRange     '1.7.6',
27 silly addNameRange     '1.7.7-beta.0',
27 silly addNameRange     '2.0.0-alpha.9',
27 silly addNameRange     '1.7.7',
27 silly addNameRange     '2.0.0-alpha.10',
27 silly addNameRange     '2.0.0-alpha.11',
27 silly addNameRange     '2.0.0-alpha.12',
27 silly addNameRange     '2.0.0-alpha.13',
27 silly addNameRange     '2.0.0-alpha.14',
27 silly addNameRange     '2.0.0-alpha.15',
27 silly addNameRange     '2.0.0-alpha.16',
27 silly addNameRange     '2.0.0-alpha.17',
27 silly addNameRange     '2.0.0-alpha.18',
27 silly addNameRange     '1.7.8-beta.0',
27 silly addNameRange     '1.7.8-beta.1',
27 silly addNameRange     '1.7.8-beta.2',
27 silly addNameRange     '1.7.8-beta.3',
27 silly addNameRange     '1.7.8',
27 silly addNameRange     '2.0.0-alpha.19',
27 silly addNameRange     '2.0.0-alpha.20',
27 silly addNameRange     '2.0.0-alpha.21',
27 silly addNameRange     '2.0.0-alpha.22',
27 silly addNameRange     '2.0.0-alpha.23',
27 silly addNameRange     '1.7.9',
27 silly addNameRange     '1.7.10',
27 silly addNameRange     '2.0.0-alpha.24',
27 silly addNameRange     '2.0.0-alpha.25',
27 silly addNameRange     '2.0.0-beta.1',
27 silly addNameRange     '1.7.11',
27 silly addNameRange     '2.0.0-beta.2',
27 silly addNameRange     '2.0.0-beta.3',
27 silly addNameRange     '2.0.0-beta.4',
27 silly addNameRange     '2.0.0-beta.5',
27 silly addNameRange     '2.0.0-beta.6',
27 silly addNameRange     '2.0.0-beta.7',
27 silly addNameRange     '2.0.0-beta.8',
27 silly addNameRange     '2.0.0-beta.9',
27 silly addNameRange     '2.0.0-beta.10',
27 silly addNameRange     '2.0.0-beta.11',
27 silly addNameRange     '1.7.12',
27 silly addNameRange     '2.0.0-beta.12',
27 silly addNameRange     '2.0.0-beta.13',
27 silly addNameRange     '2.0.0-beta.14',
27 silly addNameRange     '2.0.0-beta.15',
27 silly addNameRange     '2.0.0-beta.16',
27 silly addNameRange     '2.0.0-beta.17',
27 silly addNameRange     '1.7.13',
27 silly addNameRange     '1.7.14',
27 silly addNameRange     '2.0.0-beta.18',
27 silly addNameRange     '2.0.0-beta.19',
27 silly addNameRange     '2.0.0-beta.20',
27 silly addNameRange     '2.0.0-beta.21',
27 silly addNameRange     '2.0.0-beta.22',
27 silly addNameRange     '2.0.0-beta.23',
27 silly addNameRange     '2.0.0-beta.24',
27 silly addNameRange     '2.0.0-beta.25',
27 silly addNameRange     '1.7.15-beta.0',
27 silly addNameRange     '1.7.15-beta.1',
27 silly addNameRange     '1.7.15-beta.2',
27 silly addNameRange     '1.7.15-beta.3',
27 silly addNameRange     '1.7.15' ] ]
28 silly addNamed ionic@1.7.15
29 verbose addNamed "1.7.15" is a plain semver version for ionic
30 silly mapToRegistry name ionic
31 silly mapToRegistry using default registry
32 silly mapToRegistry registry https://registry.npmjs.org/
33 silly mapToRegistry uri https://registry.npmjs.org/ionic
34 verbose addRemoteTarball https://registry.npmjs.org/ionic/-/ionic-1.7.15.tgz not in flight; adding
35 verbose addRemoteTarball [ 'https://registry.npmjs.org/ionic/-/ionic-1.7.15.tgz',
35 verbose addRemoteTarball   'fe83a72a60d03d667d0f3bb47a4210f57356c322' ]
36 info retry fetch attempt 1 at 2:43:25 AM
37 info attempt registry request try #1 at 2:43:25 AM
38 http fetch GET https://registry.npmjs.org/ionic/-/ionic-1.7.15.tgz
39 http fetch 200 https://registry.npmjs.org/ionic/-/ionic-1.7.15.tgz
40 silly fetchAndShaCheck shasum fe83a72a60d03d667d0f3bb47a4210f57356c322
41 verbose addTmpTarball /var/folders/sp/7btdnd4n2qn5t0m205kyc5dh0000gn/T/npm-7702-0943c40d/registry.npmjs.org/ionic/-/ionic-1.7.15.tgz not in flight; adding
42 verbose addTmpTarball already have metadata; skipping unpack for ionic@1.7.15
43 silly cache afterAdd ionic@1.7.15
44 verbose afterAdd /Users/niketbiswas/.npm/ionic/1.7.15/package/package.json not in flight; writing
45 verbose afterAdd /Users/niketbiswas/.npm/ionic/1.7.15/package/package.json written
46 silly install resolved [ { name: 'ionic',
46 silly install resolved     version: '1.7.15',
46 silly install resolved     preferGlobal: true,
46 silly install resolved     description: 'A tool for creating and developing Ionic Framework mobile apps.',
46 silly install resolved     homepage: 'http://ionicframework.com/',
46 silly install resolved     bin: { ionic: 'bin/ionic' },
46 silly install resolved     scripts:
46 silly install resolved      { bump: 'node lib/tasks/bumpversion',
46 silly install resolved        'beta-bump': 'node lib/tasks/bumpversion --level pre --identifier beta',
46 silly install resolved        'publish-release': 'node lib/tasks/bumpversion --npmPublish',
46 silly install resolved        'publish-tag': 'node lib/tasks/bumpversion --level beta --npmPublishTag',
46 silly install resolved        'full-release': 'node lib/tasks/bumpversion --npmInstall --git --npmPublish',
46 silly install resolved        test: 'npm run jasmine',
46 silly install resolved        coveralls: 'istanbul cover node_modules/jasmine-node/bin/jasmine-node --captureExceptions spec/ && cat coverage/lcov.info | node_modules/coveralls/bin/coveralls.js && rm -rf coverage',
46 silly install resolved        e2e: 'jasmine-node --captureExceptions e2e/',
46 silly install resolved        jasmine: 'jasmine-node --captureExceptions  spec/' },
46 silly install resolved     keywords:
46 silly install resolved      [ 'ionic',
46 silly install resolved        'ionic framework',
46 silly install resolved        'ionicframework',
46 silly install resolved        'mobile',
46 silly install resolved        'app',
46 silly install resolved        'hybrid',
46 silly install resolved        'cordova',
46 silly install resolved        'phonegap' ],
46 silly install resolved     repository:
46 silly install resolved      { type: 'git',
46 silly install resolved        url: 'git+https://github.com/driftyco/ionic-cli.git' },
46 silly install resolved     contributors: [ [Object], [Object], [Object], [Object] ],
46 silly install resolved     license: 'MIT',
46 silly install resolved     dependencies:
46 silly install resolved      { async: '^0.9.0',
46 silly install resolved        cheerio: '^0.19.0',
46 silly install resolved        'cli-table': '^0.3.1',
46 silly install resolved        colors: '0.6.2',
46 silly install resolved        connect: '3.1.1',
46 silly install resolved        'connect-livereload': '0.5.2',
46 silly install resolved        crc: '3.2.1',
46 silly install resolved        'cross-spawn': '0.2.3',
46 silly install resolved        'event-stream': '3.0.x',
46 silly install resolved        'expand-tilde': '^1.2.0',
46 silly install resolved        finalhandler: '0.2.0',
46 silly install resolved        'form-data': '0.1.4',
46 silly install resolved        gulp: '3.8.8',
46 silly install resolved        'ionic-app-lib': '0.7.2',
46 silly install resolved        moment: '^2.10.6',
46 silly install resolved        ncp: '0.4.2',
46 silly install resolved        npm: '2.1.3',
46 silly install resolved        open: '0.0.5',
46 silly install resolved        optimist: '0.6.0',
46 silly install resolved        progress: '1.1.7',
46 silly install resolved        prompt: '0.2.12',
46 silly install resolved        'proxy-middleware': '^0.7.0',
46 silly install resolved        q: '1.0.1',
46 silly install resolved        request: '2.51.0',
46 silly install resolved        semver: '^4.2.0',
46 silly install resolved        'serve-static': '1.7.1',
46 silly install resolved        shelljs: '0.2.6',
46 silly install resolved        'tiny-lr-fork': '0.0.5',
46 silly install resolved        underscore: '~1.7.0',
46 silly install resolved        unzip: '0.1.9',
46 silly install resolved        'vinyl-fs': '0.3.7',
46 silly install resolved        xml2js: '0.4.4' },
46 silly install resolved     devDependencies:
46 silly install resolved      { istanbul: '^0.4.3',
46 silly install resolved        'jasmine-node': '^1.14.5',
46 silly install resolved        rewire: '^2.3.4',
46 silly install resolved        coveralls: '^2.2.0' },
46 silly install resolved     gitHead: '957596cecf029184f097778aef89ebe95072d56b',
46 silly install resolved     bugs: { url: 'https://github.com/driftyco/ionic-cli/issues' },
46 silly install resolved     bundleDependencies:
46 silly install resolved      [ 'async',
46 silly install resolved        'cheerio',
46 silly install resolved        'cli-table',
46 silly install resolved        'colors',
46 silly install resolved        'connect',
46 silly install resolved        'connect-livereload',
46 silly install resolved        'crc',
46 silly install resolved        'cross-spawn',
46 silly install resolved        'event-stream',
46 silly install resolved        'expand-tilde',
46 silly install resolved        'finalhandler',
46 silly install resolved        'form-data',
46 silly install resolved        'gulp',
46 silly install resolved        'ionic-app-lib',
46 silly install resolved        'moment',
46 silly install resolved        'ncp',
46 silly install resolved        'npm',
46 silly install resolved        'open',
46 silly install resolved        'optimist',
46 silly install resolved        'progress',
46 silly install resolved        'prompt',
46 silly install resolved        'proxy-middleware',
46 silly install resolved        'q',
46 silly install resolved        'request',
46 silly install resolved        'semver',
46 silly install resolved        'serve-static',
46 silly install resolved        'shelljs',
46 silly install resolved        'tiny-lr-fork',
46 silly install resolved        'underscore',
46 silly install resolved        'unzip',
46 silly install resolved        'vinyl-fs',
46 silly install resolved        'xml2js' ],
46 silly install resolved     _id: 'ionic@1.7.15',
46 silly install resolved     _shasum: 'fe83a72a60d03d667d0f3bb47a4210f57356c322',
46 silly install resolved     _from: 'ionic@*',
46 silly install resolved     _npmVersion: '2.15.0',
46 silly install resolved     _nodeVersion: '4.4.2',
46 silly install resolved     _npmUser: { name: 'jthoms1', email: 'jthoms1@gmail.com' },
46 silly install resolved     dist:
46 silly install resolved      { shasum: 'fe83a72a60d03d667d0f3bb47a4210f57356c322',
46 silly install resolved        tarball: 'https://registry.npmjs.org/ionic/-/ionic-1.7.15.tgz' },
46 silly install resolved     maintainers: [ [Object], [Object], [Object], [Object], [Object], [Object] ],
46 silly install resolved     _npmOperationalInternal:
46 silly install resolved      { host: 'packages-12-west.internal.npmjs.com',
46 silly install resolved        tmp: 'tmp/ionic-1.7.15.tgz_1464035883321_0.045886170817539096' },
46 silly install resolved     directories: {},
46 silly install resolved     _resolved: 'https://registry.npmjs.org/ionic/-/ionic-1.7.15.tgz' } ]
47 info install ionic@1.7.15 into /usr/local/lib
48 info installOne ionic@1.7.15
49 verbose installOne of ionic to /usr/local/lib not in flight; installing
50 verbose lock using /Users/niketbiswas/.npm/_locks/ionic-61c0cd50dc7a1457.lock for /usr/local/lib/node_modules/ionic
51 silly install write writing ionic 1.7.15 to /usr/local/lib/node_modules/ionic
52 verbose unbuild lib/node_modules/ionic
53 info preuninstall ionic@1.7.7
54 info uninstall ionic@1.7.7
55 verbose unbuild rmStuff ionic@1.7.7 from /usr/local/lib/node_modules
56 silly gentlyRm /usr/local/bin/ionic is being gently removed
57 silly gentlyRm verifying /usr/local is an npm working directory
58 silly gentlyRm containing path /usr/local is under npm's control, in /usr/local
59 silly gentlyRm deletion target /usr/local/bin/ionic is under /usr/local
60 verbose gentlyRm vacuuming from /usr/local/bin/ionic up to /usr/local
61 silly vacuum-fs removing /usr/local/bin/ionic
62 verbose unlock done using /Users/niketbiswas/.npm/_locks/ionic-61c0cd50dc7a1457.lock for /usr/local/lib/node_modules/ionic
63 verbose stack Error: EACCES, unlink '/usr/local/bin/ionic'
63 verbose stack     at Error (native)
64 verbose cwd /Users/niketbiswas/Documents/ionic/whatsnom
65 error Darwin 15.4.0
66 error argv "node" "/usr/local/bin/npm" "install" "-g" "ionic"
67 error node v0.12.7
68 error npm  v2.11.3
69 error path /usr/local/bin/ionic
70 error code EACCES
71 error errno -13
72 error Error: EACCES, unlink '/usr/local/bin/ionic'
72 error     at Error (native)
72 error  { [Error: EACCES, unlink '/usr/local/bin/ionic'] errno: -13, code: 'EACCES', path: '/usr/local/bin/ionic' }
73 error Please try running this command again as root/Administrator.
74 verbose exit [ -13, true ]
75 verbose unbuild lib/node_modules/ionic
76 info preuninstall ionic@1.7.7
77 info uninstall ionic@1.7.7
78 verbose unbuild rmStuff ionic@1.7.7 from /usr/local/lib/node_modules
79 silly gentlyRm /usr/local/bin/ionic is being gently removed
80 silly gentlyRm verifying /usr/local is an npm working directory
81 silly gentlyRm containing path /usr/local is under npm's control, in /usr/local
82 silly gentlyRm deletion target /usr/local/bin/ionic is under /usr/local
83 verbose gentlyRm vacuuming from /usr/local/bin/ionic up to /usr/local
84 silly vacuum-fs removing /usr/local/bin/ionic
85 error error rolling back Error: EACCES, unlink '/usr/local/bin/ionic'
85 error error rolling back     at Error (native)
85 error error rolling back  { [Error: EACCES, unlink '/usr/local/bin/ionic'] errno: -13, code: 'EACCES', path: '/usr/local/bin/ionic' }
